2021-04-26 13:44:05,147 : INFO : root : Loading config.
2021-04-26 13:44:05,151 : INFO : YamlMultifileConfigLoader : Machine config file #1: config.yaml
2021-04-26 13:44:05,152 : WARNING : ConfigProcessor : Cache file not found: /tmp/ae6d2abcbbc51583770ddec384ed84bf.mpf_cache
2021-04-26 13:44:05,152 : INFO : ConfigProcessor : Loading config from file /usr/local/lib/python3.6/dist-packages/mpf/mpfconfig.yaml.
2021-04-26 13:44:05,270 : INFO : ConfigProcessor : Loading config: /usr/local/lib/python3.6/dist-packages/mpf/mpfconfig.yaml
2021-04-26 13:44:05,271 : INFO : ConfigProcessor : Loading config from file /home/nick/code/pinball/wutang/config/config.yaml.
2021-04-26 13:44:05,299 : INFO : ConfigProcessor : Config file cache created: /tmp/ae6d2abcbbc51583770ddec384ed84bf.mpf_cache
2021-04-26 13:44:05,373 : WARNING : ConfigProcessor : Cache file not found: /tmp/a05f69a658844bc68ae908d9c07ff454.mpf_cache
2021-04-26 13:44:05,373 : INFO : ConfigProcessor : Loading config from file /usr/local/lib/python3.6/dist-packages/mpf/modes/attract/config/attract.yaml.
2021-04-26 13:44:05,378 : INFO : ConfigProcessor : Loading config: /usr/local/lib/python3.6/dist-packages/mpf/modes/attract/config/attract.yaml
2021-04-26 13:44:05,379 : INFO : ConfigProcessor : Config file cache created: /tmp/a05f69a658844bc68ae908d9c07ff454.mpf_cache
2021-04-26 13:44:05,380 : INFO : ConfigProcessor : Loading config from cache: /tmp/322f648e6e79f866241ec4c07c67c18b.mpf_cache
2021-04-26 13:44:05,380 : INFO : Machine : Mission Pinball Framework Core Engine v0.54.6
2021-04-26 13:44:05,380 : INFO : Machine : Command line arguments: {'no_load_cache': False, 'create_config_cache': True, 'bcp': False, 'configfile': ['config.yaml'], 'force_assets_load': False, 'jsonlogging': False, 'logfile': 'logs/2021-04-26-13-44-05-mpf-wutang1.log', 'pause': False, 'production': False, 'text_ui': True, 'loglevel': 15, 'consoleloglevel': 20, 'force_platform': None, 'syslog_address': None, 'mc_file_name': None, 'no_sound': False}
2021-04-26 13:44:05,380 : INFO : Machine : MPF path: /usr/local/lib/python3.6/dist-packages/mpf
2021-04-26 13:44:05,381 : INFO : Machine : Machine path: /home/nick/code/pinball/wutang
2021-04-26 13:44:05,381 : INFO : Machine : Platform: linux
2021-04-26 13:44:05,381 : INFO : Machine : Python executable location: /usr/bin/python3
2021-04-26 13:44:05,381 : INFO : Machine : Python version: 3.6.9 (32-bit)
2021-04-26 13:44:05,382 : INFO : Machine : Initialise MPF.
2021-04-26 13:44:05,436 : INFO : EventManager : Event: ======'machine_var_credits_string'====== Args={'value': 'FREE PLAY', 'prev_value': None, 'change': True}
2021-04-26 13:44:05,481 : INFO : EventManager : Event: ======'machine_var_mpf_version'====== Args={'value': 'MPF v0.54.6', 'prev_value': None, 'change': True}
2021-04-26 13:44:05,481 : INFO : EventManager : Event: ======'machine_var_mpf_extended_version'====== Args={'value': 'MPF v0.54.6, Config version:5, Show version: 5, BCP version:1.1', 'prev_value': None, 'change': True}
2021-04-26 13:44:05,481 : INFO : EventManager : Event: ======'machine_var_python_version'====== Args={'value': '3.6.9', 'prev_value': None, 'change': True}
2021-04-26 13:44:05,483 : INFO : EventManager : Event: ======'machine_var_platform'====== Args={'value': 'Linux-4.15.0-142-generic-i686-athlon-with-Ubuntu-18.04-bionic', 'prev_value': None, 'change': True}
2021-04-26 13:44:05,483 : INFO : EventManager : Event: ======'machine_var_platform_system'====== Args={'value': 'Linux', 'prev_value': None, 'change': True}
2021-04-26 13:44:05,484 : INFO : EventManager : Event: ======'machine_var_platform_release'====== Args={'value': '4.15.0-142-generic', 'prev_value': None, 'change': True}
2021-04-26 13:44:05,484 : INFO : EventManager : Event: ======'machine_var_platform_version'====== Args={'value': '#146-Ubuntu SMP Tue Apr 13 01:06:13 UTC 2021', 'prev_value': None, 'change': True}
2021-04-26 13:44:05,484 : INFO : EventManager : Event: ======'machine_var_platform_machine'====== Args={'value': 'i686', 'prev_value': None, 'change': True}
2021-04-26 13:44:05,484 : INFO : EventManager : Event: ======'init_phase_1'====== Args={}
2021-04-26 13:44:05,498 : INFO : EventManager : Event: ======'init_phase_2'====== Args={}
2021-04-26 13:44:05,507 : INFO : EventManager : Event: ======'init_phase_3'====== Args={}
2021-04-26 13:44:05,510 : INFO : EventManager : Event: ======'init_phase_4'====== Args={}
2021-04-26 13:44:05,515 : INFO : EventManager : Event: ======'init_phase_5'====== Args={}
2021-04-26 13:44:05,515 : INFO : EventManager : Event: ======'init_done'====== Args={}
2021-04-26 13:44:05,516 : INFO : EventManager : Event: ======'machine_reset_phase_1'====== Args={}
2021-04-26 13:44:05,516 : INFO : EventManager : Event: ======'machine_reset_phase_2'====== Args={}
2021-04-26 13:44:05,517 : INFO : EventManager : Event: ======'machine_reset_phase_3'====== Args={}
2021-04-26 13:44:05,517 : INFO : EventManager : Event: ======'reset_complete'====== Args={}
2021-04-26 13:44:05,517 : INFO : EventManager : Event: ======'mode_attract_will_start'====== Args={}
2021-04-26 13:44:05,518 : INFO : EventManager : Event: ======'mode_attract_starting'====== Args={}
2021-04-26 13:44:05,519 : INFO : Mode.attract : Started. Priority: 10
2021-04-26 13:44:05,520 : INFO : EventManager : Event: ======'modes_active_modes_changed'====== Args={}
2021-04-26 13:44:05,520 : INFO : EventManager : Event: ======'mode_attract_started'====== Args={}
2021-04-26 13:44:05,520 : INFO : EventManager : Event: ======'collecting_balls_complete'====== Args={}
2021-04-26 13:44:05,521 : INFO : Machine : Starting the main run loop.
2021-04-26 13:45:27,257 : INFO : Machine : Shutting down...
2021-04-26 13:45:27,257 : INFO : EventManager : Event: ======'shutdown'====== Args={}
2021-04-26 13:45:27,259 : INFO : root : MPF run loop ended.
