2021-04-26 14:00:25,005 : INFO : root : Loading config.
2021-04-26 14:00:25,008 : INFO : YamlMultifileConfigLoader : Machine config file #1: config.yaml
2021-04-26 14:00:25,009 : INFO : ConfigProcessor : Loading config from cache: /tmp/ae6d2abcbbc51583770ddec384ed84bf.mpf_cache
2021-04-26 14:00:25,078 : INFO : ConfigProcessor : Loading config from cache: /tmp/a05f69a658844bc68ae908d9c07ff454.mpf_cache
2021-04-26 14:00:25,079 : INFO : ConfigProcessor : Loading config from cache: /tmp/322f648e6e79f866241ec4c07c67c18b.mpf_cache
2021-04-26 14:00:25,080 : INFO : Machine : Mission Pinball Framework Core Engine v0.54.6
2021-04-26 14:00:25,080 : INFO : Machine : Command line arguments: {'no_load_cache': False, 'create_config_cache': True, 'bcp': True, 'configfile': ['config.yaml'], 'force_assets_load': False, 'jsonlogging': False, 'logfile': 'logs/2021-04-26-14-00-25-mpf-wutang1.log', 'pause': False, 'production': False, 'text_ui': True, 'loglevel': 15, 'consoleloglevel': 20, 'force_platform': 'smart_virtual', 'syslog_address': None, 'mc_file_name': None, 'no_sound': False}
2021-04-26 14:00:25,080 : INFO : Machine : MPF path: /usr/local/lib/python3.6/dist-packages/mpf
2021-04-26 14:00:25,080 : INFO : Machine : Machine path: /home/nick/code/pinball/wutang
2021-04-26 14:00:25,080 : INFO : Machine : Platform: linux
2021-04-26 14:00:25,080 : INFO : Machine : Python executable location: /usr/bin/python3
2021-04-26 14:00:25,080 : INFO : Machine : Python version: 3.6.9 (32-bit)
2021-04-26 14:00:25,082 : INFO : Machine : Initialise MPF.
2021-04-26 14:00:25,140 : INFO : EventManager : Event: ======'machine_var_credits_string'====== Args={'value': 'FREE PLAY', 'prev_value': None, 'change': True}
2021-04-26 14:00:25,186 : INFO : EventManager : Event: ======'machine_var_mpf_version'====== Args={'value': 'MPF v0.54.6', 'prev_value': None, 'change': True}
2021-04-26 14:00:25,186 : INFO : EventManager : Event: ======'machine_var_mpf_extended_version'====== Args={'value': 'MPF v0.54.6, Config version:5, Show version: 5, BCP version:1.1', 'prev_value': None, 'change': True}
2021-04-26 14:00:25,186 : INFO : EventManager : Event: ======'machine_var_python_version'====== Args={'value': '3.6.9', 'prev_value': None, 'change': True}
2021-04-26 14:00:25,187 : INFO : EventManager : Event: ======'machine_var_platform'====== Args={'value': 'Linux-4.15.0-142-generic-i686-athlon-with-Ubuntu-18.04-bionic', 'prev_value': None, 'change': True}
2021-04-26 14:00:25,188 : INFO : EventManager : Event: ======'machine_var_platform_system'====== Args={'value': 'Linux', 'prev_value': None, 'change': True}
2021-04-26 14:00:25,188 : INFO : EventManager : Event: ======'machine_var_platform_release'====== Args={'value': '4.15.0-142-generic', 'prev_value': None, 'change': True}
2021-04-26 14:00:25,188 : INFO : EventManager : Event: ======'machine_var_platform_version'====== Args={'value': '#146-Ubuntu SMP Tue Apr 13 01:06:13 UTC 2021', 'prev_value': None, 'change': True}
2021-04-26 14:00:25,188 : INFO : EventManager : Event: ======'machine_var_platform_machine'====== Args={'value': 'i686', 'prev_value': None, 'change': True}
2021-04-26 14:00:25,188 : INFO : EventManager : Event: ======'init_phase_1'====== Args={}
2021-04-26 14:00:25,208 : INFO : EventManager : Event: ======'init_phase_2'====== Args={}
2021-04-26 14:00:25,209 : INFO : EventManager : Event: ======'bcp_connection_attempt'====== Args={'name': 'local_display', 'host': 'localhost', 'port': 5050}
2021-04-26 14:00:25,211 : INFO : BCPClientSocket : Connecting BCP to 'local_display' at localhost:5050...
2021-04-26 14:01:05,495 : INFO : Machine : Starting the main run loop.
2021-04-26 14:01:05,495 : INFO : Machine : Shutting down...
2021-04-26 14:01:05,495 : INFO : EventManager : Event: ======'shutdown'====== Args={}
2021-04-26 14:01:05,498 : INFO : root : MPF run loop ended.
